02-19-2025 15:03:13.152 INFO  [game.Main] - instantiating Tutorial Room
02-19-2025 15:03:13.160 DEBUG [game.Main] - adding items to Tutorial Room
02-19-2025 15:03:40.149 DEBUG [game.Main] - user input received
02-19-2025 15:03:40.150 DEBUG [game.Main] - player selected look
02-19-2025 15:03:50.146 DEBUG [game.Main] - user input received
02-19-2025 15:03:50.146 DEBUG [game.Main] - player selected inspect
02-19-2025 15:03:57.125 DEBUG [game.Main] - user input received
02-19-2025 15:03:57.126 DEBUG [game.Main] - player selected look
02-19-2025 15:04:02.868 DEBUG [game.Main] - user input received
02-19-2025 15:04:02.869 DEBUG [game.Main] - player selected look
02-19-2025 15:04:08.179 DEBUG [game.Main] - user input received
02-19-2025 15:04:08.186 DEBUG [game.Main] - player selected inspect
02-19-2025 15:04:15.267 DEBUG [game.Main] - user input received
02-19-2025 15:04:15.267 DEBUG [game.Main] - player selected inspect
02-19-2025 15:04:20.968 DEBUG [game.Main] - user input received
02-19-2025 15:04:20.968 DEBUG [game.Main] - player selected use
02-19-2025 15:04:25.426 DEBUG [game.Main] - user input received
02-19-2025 15:04:25.427 DEBUG [game.Main] - player selected use
02-19-2025 15:04:33.013 DEBUG [game.Main] - user input received
02-19-2025 15:04:33.014 DEBUG [game.Main] - player selected look
02-19-2025 15:04:39.608 DEBUG [game.Main] - user input received
02-19-2025 15:04:39.609 DEBUG [game.Main] - player selected use
02-19-2025 15:04:45.678 DEBUG [game.Main] - user input received
02-19-2025 15:04:45.678 DEBUG [game.Main] - player selected look
02-19-2025 15:04:51.606 DEBUG [game.Main] - user input received
02-19-2025 15:04:51.607 DEBUG [game.Main] - player selected use
02-19-2025 15:04:55.999 DEBUG [game.Main] - user input received
02-19-2025 15:04:55.999 DEBUG [game.Main] - player selected look
02-19-2025 15:05:00.324 DEBUG [game.Main] - user input received
02-19-2025 15:05:00.325 DEBUG [game.Main] - player selected use
02-19-2025 15:05:04.947 DEBUG [game.Main] - user input received
02-19-2025 15:05:04.948 DEBUG [game.Main] - player selected use
02-19-2025 15:05:25.201 DEBUG [game.Main] - user input received
02-19-2025 15:05:25.201 INFO  [game.Main] - exiting game...
02-19-2025 15:17:16.928 INFO  [game.Main] - instantiating Room #2
02-19-2025 15:17:16.931 DEBUG [game.Main] - adding items to Room #2
02-19-2025 15:17:23.866 DEBUG [game.Main] - user input received
02-19-2025 15:17:23.867 DEBUG [game.Main] - player selected look
02-19-2025 15:19:31.309 INFO  [game.Main] - instantiating Tutorial Room
02-19-2025 15:19:31.312 DEBUG [game.Main] - adding items to Tutorial Room
02-19-2025 15:19:41.417 DEBUG [game.Main] - user input received
02-19-2025 15:19:41.417 DEBUG [game.Main] - player selected look
02-19-2025 15:19:47.094 DEBUG [game.Main] - user input received
02-19-2025 15:19:47.095 DEBUG [game.Main] - player selected use
02-19-2025 15:19:50.300 DEBUG [game.Main] - user input received
02-19-2025 15:19:50.300 DEBUG [game.Main] - player selected use
02-19-2025 15:20:31.105 DEBUG [game.Main] - user input received
02-19-2025 15:20:31.106 INFO  [game.Main] - exiting game...
02-19-2025 15:20:54.447 INFO  [game.Main] - instantiating Tutorial Room
02-19-2025 15:20:54.451 DEBUG [game.Main] - adding items to Tutorial Room
02-19-2025 15:21:05.000 DEBUG [game.Main] - user input received
02-19-2025 15:21:05.001 DEBUG [game.Main] - player selected look
02-19-2025 15:21:08.577 DEBUG [game.Main] - user input received
02-19-2025 15:21:08.577 DEBUG [game.Main] - player selected use
02-19-2025 15:21:12.597 DEBUG [game.Main] - user input received
02-19-2025 15:21:12.597 DEBUG [game.Main] - player selected use
02-19-2025 15:21:44.849 DEBUG [game.Main] - user input received
02-19-2025 15:21:54.993 DEBUG [game.Main] - user input received
02-19-2025 15:21:54.993 INFO  [game.Main] - exiting game...
02-19-2025 15:23:01.609 INFO  [game.Main] - instantiating Tutorial Room
02-19-2025 15:23:01.613 DEBUG [game.Main] - adding items to Tutorial Room
02-19-2025 15:23:11.680 DEBUG [game.Main] - user input received
02-19-2025 15:23:11.680 DEBUG [game.Main] - player selected look
02-19-2025 15:23:16.374 DEBUG [game.Main] - user input received
02-19-2025 15:23:16.374 DEBUG [game.Main] - player selected use
02-19-2025 15:23:21.975 DEBUG [game.Main] - user input received
02-19-2025 15:23:21.975 DEBUG [game.Main] - player selected use
02-19-2025 15:23:25.738 DEBUG [game.Main] - user input received
02-19-2025 15:23:25.738 DEBUG [game.Main] - player selected use
02-19-2025 15:23:29.556 DEBUG [game.Main] - user input received
02-19-2025 15:24:12.941 INFO  [game.Main] - instantiating Tutorial Room
02-19-2025 15:24:12.943 DEBUG [game.Main] - adding items to Tutorial Room
02-19-2025 15:24:18.798 DEBUG [game.Main] - user input received
02-19-2025 15:24:18.798 DEBUG [game.Main] - player selected look
02-19-2025 15:24:26.013 DEBUG [game.Main] - user input received
02-19-2025 15:24:26.013 DEBUG [game.Main] - player selected use
02-19-2025 15:24:29.159 DEBUG [game.Main] - user input received
02-19-2025 15:24:29.160 DEBUG [game.Main] - player selected use
02-19-2025 15:26:15.066 INFO  [game.Main] - instantiating Tutorial Room
02-19-2025 15:26:15.071 DEBUG [game.Main] - adding items to Tutorial Room
02-19-2025 15:26:22.725 DEBUG [game.Main] - user input received
02-19-2025 15:26:22.725 DEBUG [game.Main] - player selected look
02-19-2025 15:26:27.555 DEBUG [game.Main] - user input received
02-19-2025 15:26:27.556 DEBUG [game.Main] - player selected use
02-19-2025 15:26:30.058 DEBUG [game.Main] - user input received
02-19-2025 15:26:30.058 DEBUG [game.Main] - player selected use
02-19-2025 15:26:50.852 DEBUG [game.Main] - user input received
02-19-2025 15:26:50.853 INFO  [game.Main] - exiting game...
02-19-2025 15:26:55.902 INFO  [game.Main] - instantiating Tutorial Room
02-19-2025 15:26:55.905 DEBUG [game.Main] - adding items to Tutorial Room
02-19-2025 15:27:04.136 DEBUG [game.Main] - user input received
02-19-2025 15:27:04.136 DEBUG [game.Main] - player selected look
02-19-2025 15:27:08.273 DEBUG [game.Main] - user input received
02-19-2025 15:27:08.274 DEBUG [game.Main] - player selected use
02-19-2025 15:27:10.808 DEBUG [game.Main] - user input received
02-19-2025 15:27:10.808 DEBUG [game.Main] - player selected use
02-19-2025 15:30:14.888 INFO  [game.Main] - instantiating Tutorial Room
02-19-2025 15:30:14.891 DEBUG [game.Main] - adding items to Tutorial Room
02-19-2025 15:30:22.531 DEBUG [game.Main] - user input received
02-19-2025 15:30:22.532 DEBUG [game.Main] - player selected look
02-19-2025 15:30:26.862 DEBUG [game.Main] - user input received
02-19-2025 15:30:26.863 DEBUG [game.Main] - player selected use
02-19-2025 15:30:46.541 DEBUG [game.Main] - user input received
02-19-2025 15:30:46.541 DEBUG [game.Main] - player selected use
02-19-2025 15:33:05.067 INFO  [game.Main] - instantiating Tutorial Room
02-19-2025 15:33:05.072 DEBUG [game.Main] - adding items to Tutorial Room
02-19-2025 15:33:45.121 INFO  [game.Main] - instantiating Tutorial Room
02-19-2025 15:33:45.124 DEBUG [game.Main] - adding items to Tutorial Room
02-19-2025 15:43:37.886 INFO  [game.Main] - instantiating Tutorial Room
02-19-2025 15:43:37.889 DEBUG [game.Main] - adding items to Tutorial Room
02-19-2025 15:44:09.755 INFO  [game.Main] - instantiating Tutorial Room
02-19-2025 15:44:09.758 DEBUG [game.Main] - adding items to Tutorial Room
02-19-2025 15:44:20.099 DEBUG [game.Main] - user input received
02-19-2025 15:44:20.100 DEBUG [game.Main] - player selected look
02-19-2025 15:44:23.688 DEBUG [game.Main] - user input received
02-19-2025 15:44:23.689 DEBUG [game.Main] - player selected use
02-19-2025 15:44:46.513 DEBUG [game.Main] - user input received
02-19-2025 15:44:48.251 DEBUG [game.Main] - player selected use
02-19-2025 15:44:53.566 DEBUG [game.Main] - user input received
02-19-2025 15:47:25.704 INFO  [game.Main] - instantiating Tutorial Room
02-19-2025 15:47:25.707 DEBUG [game.Main] - adding items to Tutorial Room
02-19-2025 15:47:33.756 DEBUG [game.Main] - user input received
02-19-2025 15:47:33.757 DEBUG [game.Main] - player selected look
02-19-2025 15:47:39.101 DEBUG [game.Main] - user input received
02-19-2025 15:47:39.101 DEBUG [game.Main] - player selected use
02-19-2025 15:47:42.734 DEBUG [game.Main] - user input received
02-19-2025 15:47:42.734 DEBUG [game.Main] - player selected use
02-19-2025 15:47:42.734 INFO  [game.Main] - instantiating Room#2
02-19-2025 15:47:42.734 DEBUG [game.Main] - adding items to Room#2
02-19-2025 15:54:31.689 INFO  [game.Main] - instantiating Tutorial Room
02-19-2025 15:54:31.692 DEBUG [game.Main] - adding items to Tutorial Room
02-19-2025 15:55:14.444 INFO  [game.Main] - instantiating Tutorial Room
02-19-2025 15:55:14.447 DEBUG [game.Main] - adding items to Tutorial Room
02-19-2025 15:57:14.823 INFO  [game.Main] - instantiating Tutorial Room
02-19-2025 15:57:14.827 DEBUG [game.Main] - adding items to Tutorial Room
02-19-2025 15:57:21.088 DEBUG [game.Main] - user input received
02-19-2025 15:57:21.088 DEBUG [game.Main] - player selected look
02-19-2025 15:57:26.815 DEBUG [game.Main] - user input received
02-19-2025 15:57:26.816 DEBUG [game.Main] - player selected use
02-19-2025 15:57:29.228 DEBUG [game.Main] - user input received
02-19-2025 15:57:29.229 DEBUG [game.Main] - player selected use
02-19-2025 15:57:29.229 INFO  [game.Main] - instantiating Room#2
02-19-2025 15:57:29.229 DEBUG [game.Main] - adding items to Room#2
02-19-2025 15:57:33.243 DEBUG [game.Main] - user input received
02-19-2025 15:57:33.243 INFO  [game.Main] - exiting game...
